0	1	mikroCPIC1618.exe -MSF -DBG -pP18F4620 -DL -O11111114 -fo1 -N"D:\VICENTE\Documents\CODIGOS_C\GIT_BARRAS\barras\barra\barras4.mcppi" -SP"C:\Users\Public\Documents\Mikroelektronika\mikroC PRO for PIC\Defs\" -SP"C:\Users\Public\Documents\Mikroelektronika\mikroC PRO for PIC\uses\P18\" -SP"D:\VICENTE\Documents\CODIGOS_C\GIT_BARRAS\barras\barra\" -SP"D:\VICENTE\Documents\CODIGOS_C\GIT_BARRAS\barras\barra\lib\" -IP"D:\VICENTE\Documents\CODIGOS_C\GIT_BARRAS\barras\barra\" "barras4.c" "block.c" "detect.c" "log.c" "setup.c" "counter.c" "rs485.c" "eeprom.c" "pic_SwUart_Baud.c" "p18_SwUart-4.mcl" "__Lib_Math.mcl" "__Lib_MathDouble.mcl" "__Lib_System.mcl" "__Lib_Delays.mcl" "__Lib_CType.mcl" "__Lib_CString.mcl" "__Lib_Conversions.mcl" "__Lib_Sprintf.mcl" "__Lib_EEPROM_1024.mcl" "__Lib_PWM_c21.mcl" "__Lib_UART_c67.mcl" "__Lib_RS485.mcl"	 
hint: 0	1139	Available RAM: 3947 [bytes], Available ROM: 65536 [bytes]	 
diagnostics: 0	122	Compilation Started	__Lib_Delays.c
warning: 8	1515	Time too small, no code generated	__Lib_Delays.c
diagnostics: 172	123	Compiled Successfully	__Lib_Delays.c
diagnostics: 0	122	Compilation Started	var.h
diagnostics: 17	123	Compiled Successfully	barras4.c
diagnostics: 0	122	Compilation Started	extern.h
diagnostics: 23	123	Compiled Successfully	block.c
diagnostics: 0	122	Compilation Started	extern.h
diagnostics: 228	123	Compiled Successfully	detect.c
diagnostics: 0	122	Compilation Started	extern.h
diagnostics: 97	123	Compiled Successfully	log.c
diagnostics: 0	122	Compilation Started	extern.h
warning: 47	1509	Generated baud rate is 9615 bps (error = 0.16 percent)	setup.c
diagnostics: 124	123	Compiled Successfully	setup.c
diagnostics: 0	122	Compilation Started	extern.h
diagnostics: 140	123	Compiled Successfully	counter.c
diagnostics: 0	122	Compilation Started	extern.h
hint: 13	1163	Variable 'u' has been declared, but not used	rs485.c
hint: 67	1163	Variable 'x' has been declared, but not used	rs485.c
diagnostics: 89	123	Compiled Successfully	rs485.c
hint: 14	1164	Variable 'e0' has been eliminated by optimizer	rs485.c
hint: 14	1164	Variable 'e1' has been eliminated by optimizer	rs485.c
hint: 14	1164	Variable 'e2' has been eliminated by optimizer	rs485.c
hint: 67	1164	Variable 'f' has been eliminated by optimizer	rs485.c
diagnostics: 0	122	Compilation Started	extern.h
diagnostics: 44	123	Compiled Successfully	eeprom.c
hint: 23	1164	Variable 'fth_byte' has been eliminated by optimizer	eeprom.c
diagnostics: 0	122	Compilation Started	pic_SwUart_Baud.c
diagnostics: 60	123	Compiled Successfully	pic_SwUart_Baud.c
diagnostics: 0	127	All files Compiled in 609 ms	 
hint: 0	1144	Used RAM (bytes): 304 (8%)  Free RAM (bytes): 3643 (92%)	Used RAM (bytes): 304 (8%)  Free RAM (bytes): 3643 (92%)
hint: 0	1144	Used ROM (bytes): 4756 (7%)  Free ROM (bytes): 60780 (93%)	Used ROM (bytes): 4756 (7%)  Free ROM (bytes): 60780 (93%)
diagnostics: 0	125	Project Linked Successfully	barras4.mcppi
diagnostics: 0	128	Linked in 157 ms	 
diagnostics: 0	129	Project 'barras4.mcppi' completed: 860 ms	 
diagnostics: 0	103	Finished successfully: 14 nov. 2018, 12:45:54	barras4.mcppi
